<?xml version="1.0" encoding="UTF-8"?>
<testsuite name="com.example.demo.UserLastActiveTaskTest" tests="1" skipped="0" failures="0" errors="0" timestamp="2025-08-08T18:38:30.959Z" hostname="DESKTOP-E5MNKP7" time="0.227">
  <properties/>
  <testcase name="testLastActiveTaskTracking()" classname="com.example.demo.UserLastActiveTaskTest" time="0.227"/>
  <system-out><![CDATA[2025-08-08T22:08:30.954+03:30  INFO 18316 --- [    Test worker] t.c.s.AnnotationConfigContextLoaderUtils : Could not detect default configuration classes for test class [com.example.demo.UserLastActiveTaskTest]: UserLastActiveTaskTest does not declare any static, non-private, non-final, nested classes annotated with @Configuration.
2025-08-08T22:08:30.956+03:30  INFO 18316 --- [    Test worker] .b.t.c.SpringBootTestContextBootstrapper : Found @SpringBootConfiguration com.example.demo.DemoApplication for test class com.example.demo.UserLastActiveTaskTest
Hibernate: 
    select
        u1_0.id 
    from
        users u1_0 
    where
        u1_0.email=? 
    limit
        ?
Hibernate: 
    insert 
    into
        users
        (created_at, email, email_changes_count, group_id, last_active_task_id, name, name_changes_count, password, profile_picture, updated_at, xp_points) 
    values
        (?, ?, ?, ?, ?, ?, ?, ?, ?, ?, ?)
Hibernate: 
    insert 
    into
        tasks
        (category, created_at, description, impact, level, proof_type, task_type, topic, updated_at, xp_reward) 
    values
        (?, ?, ?, ?, ?, ?, ?, ?, ?, ?)
Hibernate: 
    update
        users 
    set
        created_at=?,
        email=?,
        email_changes_count=?,
        group_id=?,
        last_active_task_id=?,
        name=?,
        name_changes_count=?,
        password=?,
        profile_picture=?,
        updated_at=?,
        xp_points=? 
    where
        id=?
Hibernate: 
    select
        distinct u1_0.id,
        ct1_0.user_id,
        ct1_1.id,
        ct1_1.category,
        ct1_1.created_at,
        ct1_1.description,
        ct1_1.impact,
        ct1_1.level,
        ct1_1.proof_type,
        ct1_1.task_type,
        ct1_1.topic,
        ct1_1.updated_at,
        ct1_1.xp_reward,
        u1_0.created_at,
        u1_0.email,
        u1_0.email_changes_count,
        u1_0.group_id,
        u1_0.last_active_task_id,
        u1_0.name,
        u1_0.name_changes_count,
        u1_0.password,
        u1_0.profile_picture,
        u1_0.updated_at,
        u1_0.xp_points 
    from
        users u1_0 
    left join
        user_completed_tasks ct1_0 
            on u1_0.id=ct1_0.user_id 
    left join
        tasks ct1_1 
            on ct1_1.id=ct1_0.task_id 
    where
        u1_0.id=?
2025-08-08T22:08:31.185+03:30  INFO 18316 --- [    Test worker] i.StatisticalLoggingSessionEventListener : Session Metrics {
    21400 nanoseconds spent acquiring 1 JDBC connections;
    0 nanoseconds spent releasing 0 JDBC connections;
    1549800 nanoseconds spent preparing 5 JDBC statements;
    7915900 nanoseconds spent executing 5 JDBC statements;
    0 nanoseconds spent executing 0 JDBC batches;
    952100 nanoseconds spent performing 10 L2C puts;
    0 nanoseconds spent performing 0 L2C hits;
    0 nanoseconds spent performing 0 L2C misses;
    0 nanoseconds spent executing 0 flushes (flushing a total of 0 entities and 0 collections);
    2350400 nanoseconds spent executing 2 pre-partial-flushes;
    31046400 nanoseconds spent executing 2 partial-flushes (flushing a total of 2 entities and 2 collections)
}
]]></system-out>
  <system-err><![CDATA[]]></system-err>
</testsuite>
